[debug] [2020-07-11T07:08:21.928Z] ----------------------------------------------------------------------
[debug] [2020-07-11T07:08:21.930Z] Command:       /home/mieone/.nvm/versions/node/v12.16.2/bin/node /home/mieone/.nvm/versions/node/v12.16.2/bin/firebase init
[debug] [2020-07-11T07:08:21.930Z] CLI Version:   3.17.2
[debug] [2020-07-11T07:08:21.930Z] Platform:      linux
[debug] [2020-07-11T07:08:21.930Z] Node Version:  v12.16.2
[debug] [2020-07-11T07:08:21.930Z] Time:          Sat Jul 11 2020 12:38:21 GMT+0530 (India Standard Time)
[debug] [2020-07-11T07:08:21.931Z] ----------------------------------------------------------------------
[debug] 
[debug] [2020-07-11T07:08:21.938Z] > command requires scopes: ["email","openid","https://www.googleapis.com/auth/cloudplatformprojects.readonly","https://www.googleapis.com/auth/firebase"]
[debug] [2020-07-11T07:08:21.938Z] > authorizing via signed-in user
[info] 
     ######## #### ########  ######## ########     ###     ######  ########
     ##        ##  ##     ## ##       ##     ##  ##   ##  ##       ##
     ######    ##  ########  ######   ########  #########  ######  ######
     ##        ##  ##    ##  ##       ##     ## ##     ##       ## ##
     ##       #### ##     ## ######## ########  ##     ##  ######  ########

You're about to initialize a Firebase project in this directory:

  /home/mieone/Downloads/netflix-clone

[info] 
=== Project Setup
[info] 
[info] First, let's associate this project directory with a Firebase project.
[info] You can create multiple project aliases by running firebase use --add, 
[info] but for now we'll just set up a default project.
[info] 
[debug] [2020-07-11T07:08:38.344Z] >>> HTTP REQUEST GET https://admin.firebase.com/v1/projects  
  
 Sat Jul 11 2020 12:38:38 GMT+0530 (India Standard Time)
[debug] [2020-07-11T07:10:25.192Z] ----------------------------------------------------------------------
[debug] [2020-07-11T07:10:25.195Z] Command:       /home/mieone/.nvm/versions/node/v12.16.2/bin/node /home/mieone/.nvm/versions/node/v12.16.2/bin/firebase init
[debug] [2020-07-11T07:10:25.196Z] CLI Version:   3.17.2
[debug] [2020-07-11T07:10:25.196Z] Platform:      linux
[debug] [2020-07-11T07:10:25.196Z] Node Version:  v12.16.2
[debug] [2020-07-11T07:10:25.196Z] Time:          Sat Jul 11 2020 12:40:25 GMT+0530 (India Standard Time)
[debug] [2020-07-11T07:10:25.197Z] ----------------------------------------------------------------------
[debug] 
[debug] [2020-07-11T07:10:25.206Z] > command requires scopes: ["email","openid","https://www.googleapis.com/auth/cloudplatformprojects.readonly","https://www.googleapis.com/auth/firebase"]
[debug] [2020-07-11T07:10:25.206Z] > authorizing via signed-in user
[info] 
     ######## #### ########  ######## ########     ###     ######  ########
     ##        ##  ##     ## ##       ##     ##  ##   ##  ##       ##
     ######    ##  ########  ######   ########  #########  ######  ######
     ##        ##  ##    ##  ##       ##     ## ##     ##       ## ##
     ##       #### ##     ## ######## ########  ##     ##  ######  ########

You're about to initialize a Firebase project in this directory:

  /home/mieone/Downloads/netflix-clone

[info] 
=== Project Setup
[info] 
[info] First, let's associate this project directory with a Firebase project.
[info] You can create multiple project aliases by running firebase use --add, 
[info] but for now we'll just set up a default project.
[info] 
[debug] [2020-07-11T07:10:28.851Z] >>> HTTP REQUEST GET https://admin.firebase.com/v1/projects  
  
 Sat Jul 11 2020 12:40:28 GMT+0530 (India Standard Time)
